Determining if the pthread_create exist failed with the following output:
Change Dir: /home/erik/Documents/ExjobbROV/catkin_ws/build/CMakeFiles/CMakeTmp

Run Build Command:/usr/bin/make "cmTryCompileExec595034182/fast"
/usr/bin/make -f CMakeFiles/cmTryCompileExec595034182.dir/build.make CMakeFiles/cmTryCompileExec595034182.dir/build
make[1]: Entering directory `/home/erik/Documents/ExjobbROV/catkin_ws/build/CMakeFiles/CMakeTmp'
/usr/bin/cmake -E cmake_progress_report /home/erik/Documents/ExjobbROV/catkin_ws/build/CMakeFiles/CMakeTmp/CMakeFiles 1
Building C object CMakeFiles/cmTryCompileExec595034182.dir/CheckSymbolExists.c.o
/usr/bin/cc    -o CMakeFiles/cmTryCompileExec595034182.dir/CheckSymbolExists.c.o   -c /home/erik/Documents/ExjobbROV/catkin_ws/build/CMakeFiles/CMakeTmp/CheckSymbolExists.c
Linking C executable cmTryCompileExec595034182
/usr/bin/cmake -E cmake_link_script CMakeFiles/cmTryCompileExec595034182.dir/link.txt --verbose=1
/usr/bin/cc       CMakeFiles/cmTryCompileExec595034182.dir/CheckSymbolExists.c.o  -o cmTryCompileExec595034182 -rdynamic 
CMakeFiles/cmTryCompileExec595034182.dir/CheckSymbolExists.c.o: In function `main':
CheckSymbolExists.c:(.text+0x16): undefined reference to `pthread_create'
collect2: error: ld returned 1 exit status
make[1]: *** [cmTryCompileExec595034182] Error 1
make[1]: Leaving directory `/home/erik/Documents/ExjobbROV/catkin_ws/build/CMakeFiles/CMakeTmp'
make: *** [cmTryCompileExec595034182/fast] Error 2

File /home/erik/Documents/ExjobbROV/catkin_ws/build/CMakeFiles/CMakeTmp/CheckSymbolExists.c:
/* */
#include <pthread.h>

int main(int argc, char** argv)
{
  (void)argv;
#ifndef pthread_create
  return ((int*)(&pthread_create))[argc];
#else
  (void)argc;
  return 0;
#endif
}

Determining if the function pthread_create exists in the pthreads failed with the following output:
Change Dir: /home/erik/Documents/ExjobbROV/catkin_ws/build/CMakeFiles/CMakeTmp

Run Build Command:/usr/bin/make "cmTryCompileExec4236400449/fast"
/usr/bin/make -f CMakeFiles/cmTryCompileExec4236400449.dir/build.make CMakeFiles/cmTryCompileExec4236400449.dir/build
make[1]: Entering directory `/home/erik/Documents/ExjobbROV/catkin_ws/build/CMakeFiles/CMakeTmp'
/usr/bin/cmake -E cmake_progress_report /home/erik/Documents/ExjobbROV/catkin_ws/build/CMakeFiles/CMakeTmp/CMakeFiles 1
Building C object CMakeFiles/cmTryCompileExec4236400449.dir/CheckFunctionExists.c.o
/usr/bin/cc   -DCHECK_FUNCTION_EXISTS=pthread_create   -o CMakeFiles/cmTryCompileExec4236400449.dir/CheckFunctionExists.c.o   -c /usr/share/cmake-2.8/Modules/CheckFunctionExists.c
Linking C executable cmTryCompileExec4236400449
/usr/bin/cmake -E cmake_link_script CMakeFiles/cmTryCompileExec4236400449.dir/link.txt --verbose=1
/usr/bin/cc   -DCHECK_FUNCTION_EXISTS=pthread_create    CMakeFiles/cmTryCompileExec4236400449.dir/CheckFunctionExists.c.o  -o cmTryCompileExec4236400449 -rdynamic -lpthreads 
/usr/bin/ld: cannot find -lpthreads
collect2: error: ld returned 1 exit status
make[1]: *** [cmTryCompileExec4236400449] Error 1
make[1]: Leaving directory `/home/erik/Documents/ExjobbROV/catkin_ws/build/CMakeFiles/CMakeTmp'
make: *** [cmTryCompileExec4236400449/fast] Error 2


